{"/Users/ryanspearman/Desktop/capstoneTravel/src/client/js/countDownCalculator.js": {"path":"/Users/ryanspearman/Desktop/capstoneTravel/src/client/js/countDownCalculator.js","statementMap":{"0":{"start":{"line":1,"column":28},"end":{"line":51,"column":1}},"1":{"start":{"line":3,"column":20},"end":{"line":3,"column":64}},"2":{"start":{"line":4,"column":4},"end":{"line":4,"column":38}},"3":{"start":{"line":6,"column":19},"end":{"line":6,"column":23}},"4":{"start":{"line":7,"column":19},"end":{"line":7,"column":30}},"5":{"start":{"line":8,"column":17},"end":{"line":8,"column":28}},"6":{"start":{"line":9,"column":16},"end":{"line":9,"column":25}},"7":{"start":{"line":11,"column":27},"end":{"line":49,"column":5}},"8":{"start":{"line":13,"column":22},"end":{"line":13,"column":32}},"9":{"start":{"line":14,"column":28},"end":{"line":14,"column":48}},"10":{"start":{"line":15,"column":30},"end":{"line":15,"column":71}},"11":{"start":{"line":18,"column":26},"end":{"line":18,"column":45}},"12":{"start":{"line":19,"column":8},"end":{"line":48,"column":9}},"13":{"start":{"line":20,"column":12},"end":{"line":20,"column":58}},"14":{"start":{"line":21,"column":12},"end":{"line":21,"column":35}},"15":{"start":{"line":22,"column":12},"end":{"line":22,"column":18}},"16":{"start":{"line":23,"column":15},"end":{"line":48,"column":9}},"17":{"start":{"line":24,"column":12},"end":{"line":24,"column":57}},"18":{"start":{"line":25,"column":12},"end":{"line":25,"column":35}},"19":{"start":{"line":26,"column":12},"end":{"line":26,"column":18}},"20":{"start":{"line":28,"column":25},"end":{"line":28,"column":52}},"21":{"start":{"line":29,"column":26},"end":{"line":29,"column":62}},"22":{"start":{"line":30,"column":28},"end":{"line":30,"column":67}},"23":{"start":{"line":31,"column":28},"end":{"line":31,"column":69}},"24":{"start":{"line":33,"column":12},"end":{"line":47,"column":13}},"25":{"start":{"line":50,"column":19},"end":{"line":50,"column":52}}},"fnMap":{"0":{"name":"(anonymous_0)","decl":{"start":{"line":1,"column":28},"end":{"line":1,"column":29}},"loc":{"start":{"line":1,"column":63},"end":{"line":51,"column":1}},"line":1},"1":{"name":"(anonymous_1)","decl":{"start":{"line":11,"column":27},"end":{"line":11,"column":28}},"loc":{"start":{"line":11,"column":33},"end":{"line":49,"column":5}},"line":11}},"branchMap":{"0":{"loc":{"start":{"line":19,"column":8},"end":{"line":48,"column":9}},"type":"if","locations":[{"start":{"line":19,"column":8},"end":{"line":48,"column":9}},{"start":{"line":23,"column":15},"end":{"line":48,"column":9}}],"line":19},"1":{"loc":{"start":{"line":23,"column":15},"end":{"line":48,"column":9}},"type":"if","locations":[{"start":{"line":23,"column":15},"end":{"line":48,"column":9}},{"start":{"line":27,"column":15},"end":{"line":48,"column":9}}],"line":23}},"s":{"0":1,"1":0,"2":0,"3":0,"4":0,"5":0,"6":0,"7":0,"8":0,"9":0,"10":0,"11":0,"12":0,"13":0,"14":0,"15":0,"16":0,"17":0,"18":0,"19":0,"20":0,"21":0,"22":0,"23":0,"24":0,"25":0},"f":{"0":0,"1":0},"b":{"0":[0,0],"1":[0,0]},"_coverageSchema":"1a1c01bbd47fc00a2c39e90264f33305004495a9","hash":"5190d06fea456efd0b40408f47877dc64666e8fa"}
,"/Users/ryanspearman/Desktop/capstoneTravel/src/client/js/getCountryInfo.js": {"path":"/Users/ryanspearman/Desktop/capstoneTravel/src/client/js/getCountryInfo.js","statementMap":{"0":{"start":{"line":1,"column":24},"end":{"line":39,"column":1}},"1":{"start":{"line":7,"column":4},"end":{"line":38,"column":9}},"2":{"start":{"line":8,"column":29},"end":{"line":10,"column":37}},"3":{"start":{"line":10,"column":26},"end":{"line":10,"column":36}},"4":{"start":{"line":11,"column":32},"end":{"line":11,"column":47}},"5":{"start":{"line":12,"column":25},"end":{"line":12,"column":41}},"6":{"start":{"line":13,"column":32},"end":{"line":13,"column":48}},"7":{"start":{"line":14,"column":29},"end":{"line":14,"column":59}},"8":{"start":{"line":15,"column":35},"end":{"line":15,"column":67}},"9":{"start":{"line":16,"column":29},"end":{"line":16,"column":58}},"10":{"start":{"line":17,"column":31},"end":{"line":17,"column":53}},"11":{"start":{"line":18,"column":28},"end":{"line":18,"column":47}},"12":{"start":{"line":20,"column":32},"end":{"line":27,"column":17}},"13":{"start":{"line":30,"column":12},"end":{"line":30,"column":61}},"14":{"start":{"line":31,"column":31},"end":{"line":31,"column":69}},"15":{"start":{"line":32,"column":20},"end":{"line":37,"column":21}}},"fnMap":{"0":{"name":"(anonymous_0)","decl":{"start":{"line":1,"column":24},"end":{"line":1,"column":25}},"loc":{"start":{"line":1,"column":43},"end":{"line":39,"column":1}},"line":1},"1":{"name":"(anonymous_1)","decl":{"start":{"line":10,"column":19},"end":{"line":10,"column":20}},"loc":{"start":{"line":10,"column":26},"end":{"line":10,"column":36}},"line":10}},"branchMap":{},"s":{"0":1,"1":0,"2":0,"3":0,"4":0,"5":0,"6":0,"7":0,"8":0,"9":0,"10":0,"11":0,"12":0,"13":0,"14":0,"15":0},"f":{"0":0,"1":0},"b":{},"_coverageSchema":"1a1c01bbd47fc00a2c39e90264f33305004495a9","hash":"acfdd4a7009fe1237a8ddcb504d080fe37d398a4"}
,"/Users/ryanspearman/Desktop/capstoneTravel/src/client/js/getImage.js": {"path":"/Users/ryanspearman/Desktop/capstoneTravel/src/client/js/getImage.js","statementMap":{"0":{"start":{"line":1,"column":17},"end":{"line":26,"column":1}},"1":{"start":{"line":6,"column":26},"end":{"line":25,"column":6}},"2":{"start":{"line":9,"column":21},"end":{"line":9,"column":31}},"3":{"start":{"line":11,"column":12},"end":{"line":24,"column":13}},"4":{"start":{"line":12,"column":35},"end":{"line":12,"column":63}},"5":{"start":{"line":13,"column":33},"end":{"line":13,"column":69}},"6":{"start":{"line":14,"column":16},"end":{"line":16,"column":17}},"7":{"start":{"line":18,"column":33},"end":{"line":18,"column":69}},"8":{"start":{"line":19,"column":16},"end":{"line":23,"column":17}}},"fnMap":{"0":{"name":"(anonymous_0)","decl":{"start":{"line":1,"column":17},"end":{"line":1,"column":18}},"loc":{"start":{"line":1,"column":41},"end":{"line":26,"column":1}},"line":1},"1":{"name":"(anonymous_1)","decl":{"start":{"line":9,"column":14},"end":{"line":9,"column":15}},"loc":{"start":{"line":9,"column":21},"end":{"line":9,"column":31}},"line":9},"2":{"name":"(anonymous_2)","decl":{"start":{"line":10,"column":14},"end":{"line":10,"column":15}},"loc":{"start":{"line":10,"column":25},"end":{"line":25,"column":5}},"line":10}},"branchMap":{"0":{"loc":{"start":{"line":11,"column":12},"end":{"line":24,"column":13}},"type":"if","locations":[{"start":{"line":11,"column":12},"end":{"line":24,"column":13}},{"start":{"line":17,"column":19},"end":{"line":24,"column":13}}],"line":11}},"s":{"0":1,"1":0,"2":0,"3":0,"4":0,"5":0,"6":0,"7":0,"8":0},"f":{"0":0,"1":0,"2":0},"b":{"0":[0,0]},"_coverageSchema":"1a1c01bbd47fc00a2c39e90264f33305004495a9","hash":"d14252b2889cd37b9d3b567a70527acf04cd6585"}
,"/Users/ryanspearman/Desktop/capstoneTravel/src/client/js/getWeatherInfo.js": {"path":"/Users/ryanspearman/Desktop/capstoneTravel/src/client/js/getWeatherInfo.js","statementMap":{"0":{"start":{"line":1,"column":23},"end":{"line":55,"column":1}},"1":{"start":{"line":9,"column":27},"end":{"line":21,"column":10}},"2":{"start":{"line":12,"column":21},"end":{"line":12,"column":31}},"3":{"start":{"line":14,"column":25},"end":{"line":14,"column":52}},"4":{"start":{"line":15,"column":25},"end":{"line":15,"column":47}},"5":{"start":{"line":16,"column":31},"end":{"line":16,"column":64}},"6":{"start":{"line":17,"column":12},"end":{"line":20,"column":13}},"7":{"start":{"line":23,"column":21},"end":{"line":54,"column":6}},"8":{"start":{"line":26,"column":21},"end":{"line":26,"column":31}},"9":{"start":{"line":28,"column":33},"end":{"line":28,"column":42}},"10":{"start":{"line":29,"column":32},"end":{"line":29,"column":67}},"11":{"start":{"line":31,"column":12},"end":{"line":53,"column":10}},"12":{"start":{"line":32,"column":34},"end":{"line":32,"column":58}},"13":{"start":{"line":33,"column":33},"end":{"line":33,"column":56}},"14":{"start":{"line":34,"column":32},"end":{"line":34,"column":49}},"15":{"start":{"line":35,"column":39},"end":{"line":35,"column":63}},"16":{"start":{"line":36,"column":29},"end":{"line":36,"column":42}},"17":{"start":{"line":37,"column":24},"end":{"line":37,"column":42}},"18":{"start":{"line":38,"column":30},"end":{"line":38,"column":42}},"19":{"start":{"line":39,"column":31},"end":{"line":41,"column":13}},"20":{"start":{"line":42,"column":28},"end":{"line":42,"column":49}},"21":{"start":{"line":43,"column":31},"end":{"line":43,"column":59}},"22":{"start":{"line":44,"column":12},"end":{"line":51,"column":13}},"23":{"start":{"line":52,"column":12},"end":{"line":52,"column":47}}},"fnMap":{"0":{"name":"(anonymous_0)","decl":{"start":{"line":1,"column":23},"end":{"line":1,"column":24}},"loc":{"start":{"line":1,"column":43},"end":{"line":55,"column":1}},"line":1},"1":{"name":"(anonymous_1)","decl":{"start":{"line":12,"column":14},"end":{"line":12,"column":15}},"loc":{"start":{"line":12,"column":21},"end":{"line":12,"column":31}},"line":12},"2":{"name":"(anonymous_2)","decl":{"start":{"line":13,"column":14},"end":{"line":13,"column":15}},"loc":{"start":{"line":13,"column":22},"end":{"line":21,"column":9}},"line":13},"3":{"name":"(anonymous_3)","decl":{"start":{"line":26,"column":14},"end":{"line":26,"column":15}},"loc":{"start":{"line":26,"column":21},"end":{"line":26,"column":31}},"line":26},"4":{"name":"(anonymous_4)","decl":{"start":{"line":27,"column":14},"end":{"line":27,"column":15}},"loc":{"start":{"line":27,"column":22},"end":{"line":54,"column":5}},"line":27},"5":{"name":"(anonymous_5)","decl":{"start":{"line":31,"column":29},"end":{"line":31,"column":30}},"loc":{"start":{"line":31,"column":37},"end":{"line":53,"column":9}},"line":31}},"branchMap":{},"s":{"0":1,"1":0,"2":0,"3":0,"4":0,"5":0,"6":0,"7":0,"8":0,"9":0,"10":0,"11":0,"12":0,"13":0,"14":0,"15":0,"16":0,"17":0,"18":0,"19":0,"20":0,"21":0,"22":0,"23":0},"f":{"0":0,"1":0,"2":0,"3":0,"4":0,"5":0},"b":{},"_coverageSchema":"1a1c01bbd47fc00a2c39e90264f33305004495a9","hash":"4602e26a2c75703a950d18cb3d79515d4701ce29"}
,"/Users/ryanspearman/Desktop/capstoneTravel/src/client/js/postUserInput.js": {"path":"/Users/ryanspearman/Desktop/capstoneTravel/src/client/js/postUserInput.js","statementMap":{"0":{"start":{"line":5,"column":22},"end":{"line":20,"column":1}},"1":{"start":{"line":6,"column":16},"end":{"line":13,"column":6}},"2":{"start":{"line":14,"column":4},"end":{"line":19,"column":5}},"3":{"start":{"line":15,"column":25},"end":{"line":15,"column":41}},"4":{"start":{"line":16,"column":8},"end":{"line":16,"column":23}},"5":{"start":{"line":18,"column":8},"end":{"line":18,"column":48}}},"fnMap":{"0":{"name":"(anonymous_0)","decl":{"start":{"line":5,"column":22},"end":{"line":5,"column":23}},"loc":{"start":{"line":5,"column":53},"end":{"line":20,"column":1}},"line":5}},"branchMap":{"0":{"loc":{"start":{"line":5,"column":29},"end":{"line":5,"column":37}},"type":"default-arg","locations":[{"start":{"line":5,"column":35},"end":{"line":5,"column":37}}],"line":5},"1":{"loc":{"start":{"line":5,"column":39},"end":{"line":5,"column":48}},"type":"default-arg","locations":[{"start":{"line":5,"column":46},"end":{"line":5,"column":48}}],"line":5}},"s":{"0":1,"1":0,"2":0,"3":0,"4":0,"5":0},"f":{"0":0},"b":{"0":[0],"1":[0]},"_coverageSchema":"1a1c01bbd47fc00a2c39e90264f33305004495a9","hash":"0468edf10aea7b4ef9af61136a64673fb5e4d20c"}
,"/Users/ryanspearman/Desktop/capstoneTravel/src/client/js/tripLength.js": {"path":"/Users/ryanspearman/Desktop/capstoneTravel/src/client/js/tripLength.js","statementMap":{"0":{"start":{"line":7,"column":19},"end":{"line":28,"column":1}},"1":{"start":{"line":8,"column":25},"end":{"line":8,"column":70}},"2":{"start":{"line":9,"column":22},"end":{"line":9,"column":66}},"3":{"start":{"line":10,"column":4},"end":{"line":10,"column":40}},"4":{"start":{"line":11,"column":29},"end":{"line":11,"column":49}},"5":{"start":{"line":12,"column":29},"end":{"line":12,"column":49}},"6":{"start":{"line":13,"column":25},"end":{"line":13,"column":80}},"7":{"start":{"line":14,"column":25},"end":{"line":14,"column":56}},"8":{"start":{"line":15,"column":22},"end":{"line":15,"column":59}},"9":{"start":{"line":16,"column":20},"end":{"line":16,"column":55}},"10":{"start":{"line":18,"column":4},"end":{"line":21,"column":5}},"11":{"start":{"line":22,"column":4},"end":{"line":24,"column":5}},"12":{"start":{"line":25,"column":4},"end":{"line":27,"column":5}}},"fnMap":{"0":{"name":"(anonymous_0)","decl":{"start":{"line":7,"column":19},"end":{"line":7,"column":20}},"loc":{"start":{"line":7,"column":47},"end":{"line":28,"column":1}},"line":7}},"branchMap":{},"s":{"0":1,"1":0,"2":0,"3":0,"4":0,"5":0,"6":0,"7":0,"8":0,"9":0,"10":0,"11":0,"12":0},"f":{"0":0},"b":{},"_coverageSchema":"1a1c01bbd47fc00a2c39e90264f33305004495a9","hash":"d223144bb2a4bf72743d9931b485c1c846c87fb8"}
}
